Drill Listing
=============
Drill: .00591  Tool: 1  Feed: 0  Speed: 0
X 109448  Y 147244
X 148423  Y 147244
X 167910  Y 127756
X 206884  Y 127756
X 226371  Y 147244
X 245859  Y 127756
X 265346  Y 147244
X 284833  Y 127756
X 304320  Y 147244
X 323807  Y 127756
X 343295  Y 147244
X 362782  Y 127756
X 401756  Y 127756
X 421243  Y 147244
X 440731  Y 127756
X 460218  Y 147244
X 479705  Y 127756
X 493307  Y 147244
X 495866  Y 144881
X 498464  Y 142519
X 501062  Y 140157
X 503700  Y 137795
X 518679  Y 127756
X 557654  Y 127756
X 596628  Y 127756
X 635603  Y 127756
X 655090  Y 147244
X 674577  Y 127756
X 694064  Y 147244
X 713551  Y 127756
X 752526  Y 166731
X 752526  Y 205705
X 733039  Y 186218
X 713551  Y 166731
X 713551  Y 205705
X 694064  Y 186218
X 674577  Y 205705
X 655090  Y 186218
X 635603  Y 166731
X 635603  Y 205705
X 625708  Y 198425
X 616115  Y 186218
X 596628  Y 205705
X 596628  Y 166731
X 577141  Y 186218
X 557654  Y 166731
X 557654  Y 205705
X 538167  Y 186218
X 533070  Y 198425
X 521259  Y 192125
X 518679  Y 166731
X 512677  Y 206299
X 506299  Y 192125
X 479705  Y 166731
X 460218  Y 186218
X 440731  Y 166731
X 421243  Y 186218
X 401756  Y 166731
X 362782  Y 166731
X 343295  Y 186218
X 335708  Y 206299
X 334724  Y 195511
X 329527  Y 198070
X 324685  Y 195472
X 319921  Y 200629
X 314724  Y 195511
X 309763  Y 205826
X 304724  Y 195472
X 296968  Y 203228
X 283543  Y 195472
X 278779  Y 190236
X 273543  Y 195511
X 268818  Y 192874
X 263543  Y 195472
X 258661  Y 208425
X 253543  Y 195472
X 245859  Y 166731
X 245669  Y 195472
X 226371  Y 186218
X 206884  Y 166731
X 148423  Y 186218
X 134881  Y 208425
X 132322  Y 205826
X 129724  Y 203228
X 128936  Y 166731
X 127007  Y 200629
X 124448  Y 198070
X 121811  Y 195472
X 118897  Y 192874
X 116102  Y 190236
X 109448  Y 186218
X 109448  Y 225192
X 137480  Y 211102
X 148423  Y 225192
X 167910  Y 244680
X 187397  Y 225192
X 188740  Y 211102
X 195118  Y 257755
X 206884  Y 244680
X 226371  Y 225192
X 247204  Y 244488
X 258228  Y 257755
X 265346  Y 225192
X 268228  Y 241614
X 304320  Y 225192
X 340551  Y 214133
X 350551  Y 218070
X 401181  Y 247874
X 421243  Y 225192
X 460218  Y 225192
X 485629  Y 235787
X 488228  Y 241574
X 490748  Y 238700
X 523070  Y 235787
X 528070  Y 238700
X 533070  Y 244488
X 538070  Y 218070
X 543070  Y 214133
X 543070  Y 247874
X 548070  Y 241614
X 577141  Y 225192
X 596628  Y 244680
X 616115  Y 225192
X 635603  Y 244680
X 655090  Y 225192
X 674577  Y 244680
X 694064  Y 225192
X 713551  Y 244680
X 733039  Y 225192
X 752526  Y 244680
X 752526  Y 283654
X 733039  Y 264167
X 713551  Y 283654
X 694448  Y 288307
X 694064  Y 264167
X 674577  Y 283654
X 616115  Y 264167
X 602519  Y 288267
X 597519  Y 285472
X 577141  Y 264167
X 518679  Y 283654
X 479705  Y 283654
X 460218  Y 264167
X 440731  Y 283654
X 421243  Y 264167
X 421243  Y 303141
X 382269  Y 303141
X 365551  Y 273188
X 360511  Y 262244
X 355551  Y 287795
X 340551  Y 290590
X 323807  Y 283654
X 321220  Y 290590
X 318622  Y 287795
X 304320  Y 303141
X 288228  Y 273267
X 263228  Y 273228
X 206884  Y 283654
X 167910  Y 283654
X 148423  Y 303141
X 113503  Y 262244
X 109448  Y 264167
X 109448  Y 303141
X 109448  Y 342116
X 137480  Y 339212
X 148423  Y 342116
X 167910  Y 322628
X 187007  Y 339212
X 197283  Y 343740
X 202480  Y 330157
X 206884  Y 322628
X 212007  Y 348070
X 238110  Y 341456
X 263228  Y 337007
X 284833  Y 322628
X 288228  Y 348110
X 301574  Y 339251
X 304133  Y 343779
X 318622  Y 346062
X 321220  Y 337007
X 332283  Y 337007
X 335551  Y 337047
X 340511  Y 343779
X 342204  Y 346062
X 350551  Y 346023
X 355551  Y 339251
X 362283  Y 346023
X 365551  Y 341456
X 372283  Y 337047
X 382269  Y 342116
X 407086  Y 344094
X 407086  Y 328346
X 422519  Y 344094
X 422519  Y 328503
X 430905  Y 344094
X 433464  Y 328503
X 446181  Y 315196
X 479705  Y 322628
X 483149  Y 315196
X 503700  Y 359055
X 506299  Y 356299
X 515590  Y 359055
X 538167  Y 342116
X 557654  Y 322628
X 577141  Y 342116
X 616115  Y 342116
X 622716  Y 356299
X 635603  Y 322628
X 655090  Y 342116
X 674577  Y 322628
X 733039  Y 342116
X 752526  Y 322628
X 752526  Y 361603
X 733039  Y 381090
X 706259  Y 380551
X 683385  Y 383110
X 674577  Y 361603
X 663385  Y 377913
X 653385  Y 380551
X 644842  Y 377913
X 635603  Y 361603
X 612519  Y 380039
X 602480  Y 383110
X 587519  Y 377440
X 557654  Y 361603
X 557322  Y 374803
X 545511  Y 380039
X 540590  Y 377440
X 525590  Y 374803
X 479705  Y 361603
X 460218  Y 381090
X 428267  Y 359881
X 425629  Y 375590
X 422598  Y 375590
X 422598  Y 359881
X 407086  Y 359842
X 407086  Y 375590
X 382283  Y 362677
X 352283  Y 365944
X 342283  Y 368307
X 332283  Y 362677
X 323807  Y 361603
X 283228  Y 363740
X 278228  Y 368307
X 273228  Y 365944
X 268228  Y 363740
X 263228  Y 367165
X 258228  Y 363582
X 226371  Y 381090
X 192007  Y 367165
X 182007  Y 363582
X 167910  Y 361603
X 148423  Y 381090
X 109448  Y 381090
X 167910  Y 400577
X 206884  Y 400577
X 245859  Y 400577
X 247204  Y 386023
X 268228  Y 386023
X 325905  Y 390708
X 352283  Y 390708
X 401181  Y 390708
X 401756  Y 400577
X 407086  Y 391338
X 422598  Y 391377
X 440731  Y 400577
X 479705  Y 400577
X 493307  Y 405196
X 495866  Y 402598
X 498464  Y 400000
X 501062  Y 397440
X 520551  Y 400000
X 525551  Y 402598
X 530551  Y 405196
X 535590  Y 397440
X 539133  Y 405551
X 550551  Y 403346
X 597519  Y 385866
X 602480  Y 405551
X 612519  Y 403346
X 635603  Y 400577
X 678385  Y 385866
X 688385  Y 405551
X 720669  Y 405551
X 752526  Y 400577
X 733039  Y 420064
X 706259  Y 413070
X 694566  Y 415393
X 682677  Y 417559
X 673385  Y 415393
X 670866  Y 419724
X 668385  Y 421929
X 663385  Y 419724
X 659055  Y 421929
X 658385  Y 417559
X 514094  Y 410748
X 488228  Y 426299
X 485629  Y 424094
X 483149  Y 410748
X 460708  Y 426299
X 450708  Y 424094
X 433464  Y 413070
X 430905  Y 415393
X 428267  Y 417559
X 425629  Y 419724
X 422598  Y 421929
X 400196  Y 428858
X 382269  Y 420064
X 370157  Y 426299
X 360157  Y 431456
X 342283  Y 423976
X 331535  Y 434015
X 328897  Y 423976
X 304133  Y 426299
X 288228  Y 428858
X 283228  Y 431456
X 278228  Y 434015
X 265346  Y 420064
X 226371  Y 420064
X 187397  Y 420064
X 148423  Y 420064
X 109448  Y 420064
X 109448  Y 459039
X 132322  Y 450393
X 134881  Y 440078
X 189015  Y 437283
X 226371  Y 459039
X 235590  Y 456574
X 238110  Y 437283
X 249606  Y 440078
X 259606  Y 456574
X 273228  Y 436614
X 279606  Y 439173
X 279606  Y 457874
X 301574  Y 439173
X 312913  Y 457874
X 343295  Y 459039
X 382269  Y 459039
X 400157  Y 457598
X 420433  Y 457598
X 423267  Y 456299
X 440708  Y 456299
X 479705  Y 439552
X 490708  Y 457244
X 508937  Y 457244
X 511535  Y 436614
X 518679  Y 439552
X 557322  Y 436535
X 577141  Y 459039
X 596628  Y 439552
X 611771  Y 436535
X 635603  Y 439552
X 655090  Y 459039
X 694064  Y 459039
X 733039  Y 459039
X 752526  Y 439552
X 752526  Y 478526
X 730708  Y 474015
X 715511  Y 474015
X 635603  Y 478526
X 518679  Y 478526
X 511535  Y 473740
X 506259  Y 460039
X 480708  Y 473740
X 480708  Y 462716
X 460826  Y 465551
X 450708  Y 460039
X 450708  Y 473425
X 425433  Y 462716
X 417834  Y 460236
X 415275  Y 462992
X 390157  Y 468188
X 390157  Y 460236
X 370157  Y 470826
X 370157  Y 465551
X 360157  Y 462992
X 360157  Y 473425
X 350157  Y 465629
X 334330  Y 465629
X 331535  Y 468188
X 328897  Y 473425
X 325905  Y 473425
X 312913  Y 470826
X 309606  Y 467755
X 299606  Y 473425
X 299606  Y 464763
X 279606  Y 462204
X 269606  Y 459488
X 243622  Y 467755
X 240944  Y 464763
X 238188  Y 459488
X 219055  Y 467480
X 209055  Y 464881
X 209055  Y 473385
X 189055  Y 470196
X 189055  Y 462204
X 179055  Y 462283
X 169055  Y 459606
X 140157  Y 467480
X 137519  Y 464881
X 134921  Y 462283
X 132283  Y 459606
X 113503  Y 470196
X 109448  Y 498013
X 116102  Y 503818
X 118897  Y 501181
X 121811  Y 498622
X 124448  Y 496062
X 127007  Y 493464
X 129724  Y 490905
X 134921  Y 509133
X 140157  Y 506574
X 169055  Y 490905
X 208937  Y 506574
X 219055  Y 493464
X 219055  Y 509133
X 229055  Y 496062
X 240944  Y 509173
X 243622  Y 506574
X 259606  Y 498622
X 259606  Y 509173
X 265346  Y 498013
X 299645  Y 506574
X 304320  Y 498013
X 309606  Y 501181
X 319606  Y 503818
X 343295  Y 498013
X 350157  Y 505433
X 382269  Y 498013
X 390157  Y 502834
X 400157  Y 508188
X 415275  Y 508188
X 417834  Y 505433
X 420433  Y 502834
X 460218  Y 498013
X 480708  Y 507874
X 499192  Y 498013
X 508937  Y 507874
X 514094  Y 492874
X 538167  Y 498013
X 550708  Y 492874
X 577141  Y 498013
X 620078  Y 489842
X 655090  Y 498013
X 691181  Y 493700
X 706299  Y 501574
X 720669  Y 501574
X 720669  Y 493700
X 730708  Y 489842
X 741732  Y 501574
X 741732  Y 493700
X 741732  Y 485826
X 752526  Y 517500
X 752526  Y 556475
X 741732  Y 509448
X 733039  Y 536987
X 720669  Y 509448
X 713551  Y 556475
X 701181  Y 509448
X 674577  Y 556475
X 671181  Y 509488
X 655090  Y 536987
X 651181  Y 526102
X 644842  Y 509488
X 635603  Y 517500
X 635603  Y 556475
X 620078  Y 539763
X 617519  Y 536220
X 611811  Y 526102
X 607874  Y 529921
X 597637  Y 552755
X 597637  Y 513385
X 587795  Y 552755
X 582834  Y 539763
X 577834  Y 529921
X 567834  Y 536220
X 557654  Y 556475
X 557654  Y 517500
X 538167  Y 536987
X 518679  Y 556475
X 518679  Y 517500
X 506259  Y 510511
X 499192  Y 536987
X 490708  Y 510511
X 460218  Y 536987
X 423267  Y 517401
X 421243  Y 536987
X 382269  Y 536987
X 343295  Y 536987
X 334330  Y 517322
X 323807  Y 556475
X 309606  Y 511771
X 304320  Y 536987
X 284833  Y 556475
X 265346  Y 536987
X 245859  Y 556475
X 238188  Y 511771
X 235590  Y 517322
X 226371  Y 536987
X 187397  Y 536987
X 169055  Y 511771
X 148423  Y 536987
X 137519  Y 511771
X 132283  Y 517322
X 128936  Y 556475
X 128936  Y 517500
X 109448  Y 536987
X 109448  Y 575962
X 132204  Y 563464
X 134803  Y 566181
X 137440  Y 569015
X 140039  Y 571574
X 142716  Y 574133
X 145314  Y 576692
X 147874  Y 579291
X 150433  Y 581850
X 158740  Y 584409
X 169055  Y 563464
X 179055  Y 566181
X 189055  Y 569015
X 199055  Y 571574
X 228976  Y 584409
X 259606  Y 574133
X 269606  Y 576692
X 279606  Y 579291
X 289606  Y 581850
X 304320  Y 575962
X 343295  Y 575962
X 421243  Y 575962
X 538167  Y 575962
X 577141  Y 575962
X 616115  Y 575962
X 622716  Y 581496
X 655090  Y 575962
X 694064  Y 575962
X 710236  Y 581496
X 733039  Y 575962
X 752526  Y 595449
X 674577  Y 595449
X 635603  Y 595449
X 596628  Y 595449
X 557654  Y 595449
X 518679  Y 595449
X 500708  Y 602992
X 490708  Y 605590
X 480708  Y 608149
X 418779  Y 587283
X 416181  Y 590000
X 413582  Y 592559
X 410157  Y 595157
X 400157  Y 597755
X 390157  Y 600393
X 370157  Y 592559
X 360157  Y 590000
X 358031  Y 608149
X 350157  Y 587283
X 338031  Y 605590
X 327952  Y 602992
X 319606  Y 592480
X 309606  Y 589842
X 306889  Y 600393
X 299606  Y 587244
X 286771  Y 597755
X 276889  Y 595157
X 245859  Y 595449
X 239881  Y 587244
X 219921  Y 589842
X 219055  Y 587007
X 209921  Y 592480
X 209055  Y 589566
X 188740  Y 589566
X 168740  Y 587007
X 128936  Y 595449
X 109448  Y 614936
X 128936  Y 634423
X 167910  Y 634423
X 206884  Y 634423
X 226371  Y 614936
X 245859  Y 634423
X 265346  Y 614936
X 284833  Y 634423
X 323807  Y 634423
X 343295  Y 614936
X 362782  Y 634423
X 401756  Y 634423
X 479705  Y 634423
X 499192  Y 614936
X 518679  Y 634423
X 538167  Y 614936
X 557654  Y 634423
X 577141  Y 614936
X 596628  Y 634423
X 616115  Y 614936
X 635603  Y 634423
X 655090  Y 614936
X 674577  Y 634423
X 694064  Y 614936
X 713551  Y 634423
X 733039  Y 614936
X 752526  Y 634423
X 752526  Y 673398
X 733039  Y 653911
X 713551  Y 673398
X 655090  Y 653911
X 635603  Y 673398
X 616115  Y 653911
X 596628  Y 673398
X 577141  Y 653911
X 557654  Y 673398
X 538167  Y 653911
X 518679  Y 673398
X 499192  Y 653911
X 479705  Y 673398
X 470708  Y 673464
X 460708  Y 670826
X 450708  Y 668228
X 440708  Y 665590
X 418779  Y 655275
X 416181  Y 657834
X 413582  Y 660433
X 380157  Y 662992
X 368031  Y 673464
X 362782  Y 673398
X 357992  Y 670826
X 338031  Y 665590
X 328031  Y 668228
X 323807  Y 673398
X 316850  Y 662992
X 306968  Y 660433
X 286811  Y 655275
X 276771  Y 657834
X 265346  Y 653911
X 249960  Y 655000
X 245859  Y 673398
X 239960  Y 657637
X 219960  Y 662795
X 209921  Y 660236
X 198700  Y 665354
X 188661  Y 667952
X 168740  Y 673149
X 158740  Y 670511
X 150433  Y 655000
X 147874  Y 657637
X 145314  Y 660236
X 142716  Y 662795
X 140039  Y 665354
X 137440  Y 667952
X 134803  Y 670511
X 132204  Y 673149
X 128936  Y 673398
X 109448  Y 653911
X 109448  Y 692885
X 128936  Y 712372
X 148423  Y 692885
X 148423  Y 731859
X 167910  Y 712372
X 187397  Y 692885
X 187397  Y 731859
X 206884  Y 712372
X 226371  Y 731859
X 245859  Y 712372
X 265346  Y 692885
X 265346  Y 731859
X 284833  Y 712372
X 304320  Y 692885
X 304320  Y 731859
X 323807  Y 712372
X 343295  Y 692885
X 343295  Y 731859
X 362782  Y 712372
X 382269  Y 692885
X 382269  Y 731859
X 401756  Y 712372
X 421243  Y 692885
X 421243  Y 731859
X 440731  Y 712372
X 460218  Y 692885
X 460218  Y 731859
X 479705  Y 712372
X 499192  Y 692885
X 499192  Y 731859
X 518679  Y 712372
X 538167  Y 692885
X 538167  Y 731859
X 557654  Y 712372
X 577141  Y 692885
X 577141  Y 731859
X 596628  Y 712372
X 616115  Y 692885
X 616115  Y 731859
X 635603  Y 712372
X 655090  Y 692885
X 655090  Y 731859
X 674577  Y 712372
X 694064  Y 692885
X 694064  Y 731859
X 713551  Y 712372
X 733039  Y 692885
X 752526  Y 712372
X 713551  Y 751347
X 674577  Y 751347
X 635603  Y 751347
X 596628  Y 751347
X 557654  Y 751347
X 518679  Y 751347
X 479705  Y 751347
X 440731  Y 751347
X 401756  Y 751347
X 362782  Y 751347
X 323807  Y 751347
X 284833  Y 751347
X 245859  Y 751347
X 206884  Y 751347
X 167910  Y 751347

Drill: .01181  Tool: 2  Feed: 95  Speed: 300
X 385787  Y 139370
X 548070  Y 193661
X 698425  Y 233543
X 709645  Y 233543
X 725944  Y 245787
X 725984  Y 265354
X 615748  Y 335551
X 592125  Y 297795
X 582519  Y 335551
X 572440  Y 335551
X 547322  Y 340118
X 547322  Y 269291
X 518070  Y 269291
X 517322  Y 335551
X 455393  Y 269291
X 385787  Y 269291
X 330551  Y 269291
X 258228  Y 336102
X 222086  Y 336102
X 196929  Y 269291
X 176968  Y 336102
X 222086  Y 393779
X 258267  Y 393779
X 332283  Y 393779
X 355984  Y 393779
X 372283  Y 393779
X 455393  Y 408149
X 470708  Y 408149
X 515590  Y 408149
X 520590  Y 360826
X 549133  Y 408149
X 555629  Y 367716
X 582519  Y 408149
X 597519  Y 398543
X 617519  Y 361811
X 653385  Y 408149
X 658385  Y 359921
X 688385  Y 359842
X 725984  Y 397165
X 725984  Y 363858
X 748818  Y 408149
X 712795  Y 496299
X 681181  Y 496299
X 529133  Y 487834
X 470708  Y 439251
X 430708  Y 487834
X 430708  Y 439251
X 380157  Y 439251
X 340157  Y 487834
X 340157  Y 439251
X 249606  Y 487834
X 159055  Y 487834
X 142874  Y 487834
X 142874  Y 560433
X 159055  Y 560433
X 249606  Y 560433
X 340157  Y 560433
X 430708  Y 560433
X 592795  Y 560433
X 611811  Y 560433
X 681181  Y 536220
X 718110  Y 536220
X 671811  Y 705511
X 611811  Y 705511
X 357322  Y 705511

Drill: .01575  Tool: 3  Feed: 95  Speed: 300
X 109448  Y 119685
X 112598  Y 126771
X 112598  Y 112598
X 119685  Y 109448
X 119685  Y 129921
X 126771  Y 126771
X 126771  Y 112598
X 129921  Y 119685
X 739370  Y 119685
X 742519  Y 126771
X 742519  Y 112598
X 749606  Y 109448
X 749606  Y 129921
X 756692  Y 126771
X 756692  Y 112598
X 759842  Y 119685
X 759842  Y 749606
X 756692  Y 756692
X 756692  Y 742519
X 749606  Y 739370
X 742519  Y 742519
X 742519  Y 756692
X 739370  Y 749606
X 129921  Y 749606
X 126771  Y 756692
X 126771  Y 742519
X 119685  Y 739370
X 112598  Y 742519
X 112598  Y 756692
X 109448  Y 749606
X 119685  Y 759842
X 749606  Y 759842

Drill: .01969  Tool: 4  Feed: 95  Speed: 300
X 705236  Y 592125
X 710236  Y 592125
X 715236  Y 592125
X 715236  Y 611811
X 710236  Y 611811
X 705236  Y 611811

Drill: .0315  Tool: 5  Feed: 197  Speed: 550
X 659055  Y 442204
X 670866  Y 442204
X 682677  Y 442204
X 694488  Y 442204
X 706299  Y 442204
X 706299  Y 482204
X 694488  Y 482204
X 682677  Y 482204
X 670866  Y 482204
X 659055  Y 482204

Drill: .03543  Tool: 6  Feed: 197  Speed: 550
X 740157  Y 305354
X 740157  Y 315354
X 740157  Y 325354

Drill: .03937  Tool: 7  Feed: 197  Speed: 550
X 253543  Y 139370
X 253543  Y 169370
X 263543  Y 169370
X 263543  Y 139370
X 273543  Y 169370
X 273543  Y 139370
X 283543  Y 169370
X 283543  Y 139370
X 304724  Y 139370
X 304724  Y 169370
X 314724  Y 139370
X 314724  Y 169370
X 324724  Y 139370
X 324724  Y 169370
X 334724  Y 139370
X 334724  Y 169370
X 651181  Y 169685
X 651181  Y 179685
X 651181  Y 159685
X 674803  Y 169685
X 674803  Y 179685
X 674803  Y 159685
X 698425  Y 179685
X 698425  Y 159685
X 698425  Y 169685
X 722047  Y 169685
X 722047  Y 179685
X 722047  Y 159685
X 745669  Y 169685
X 745669  Y 179685
X 745669  Y 159685
X 744094  Y 233700
X 744094  Y 253700
X 744094  Y 243700
X 685748  Y 277165
X 675748  Y 277165
X 665748  Y 277165
X 655748  Y 277165
X 645748  Y 277165
X 635748  Y 277165
X 625748  Y 277165
X 615748  Y 277165
X 572440  Y 282913
X 547322  Y 277165
X 537322  Y 277165
X 527322  Y 277165
X 517322  Y 277165
X 222047  Y 282913
X 196929  Y 277165
X 186929  Y 277165
X 176929  Y 277165
X 166929  Y 277165
X 166929  Y 307165
X 176929  Y 307165
X 186929  Y 307165
X 196929  Y 307165
X 222047  Y 292913
X 222047  Y 302913
X 446181  Y 300590
X 455393  Y 300590
X 464606  Y 300590
X 517322  Y 307165
X 527322  Y 307165
X 537322  Y 307165
X 547322  Y 307165
X 572440  Y 292913
X 572440  Y 302913
X 615748  Y 307165
X 625748  Y 307165
X 635748  Y 307165
X 645748  Y 307165
X 655748  Y 307165
X 665748  Y 307165
X 675748  Y 307165
X 685748  Y 307165
X 744094  Y 365590
X 744094  Y 375590
X 392283  Y 351968
X 392283  Y 381968
X 382283  Y 351968
X 382283  Y 381968
X 372283  Y 351968
X 372283  Y 381968
X 362283  Y 351968
X 362283  Y 381968
X 352283  Y 351968
X 352283  Y 381968
X 342283  Y 351968
X 342283  Y 381968
X 332283  Y 351968
X 332283  Y 381968
X 159055  Y 450393
X 169055  Y 450393
X 179055  Y 450393
X 189055  Y 450393
X 199055  Y 450393
X 209055  Y 450393
X 219055  Y 450393
X 229055  Y 450393
X 249606  Y 450393
X 259606  Y 450393
X 269606  Y 450393
X 279606  Y 450393
X 289606  Y 450393
X 299606  Y 450393
X 309606  Y 450393
X 319606  Y 450393
X 340157  Y 450393
X 350157  Y 450393
X 360157  Y 450393
X 370157  Y 450393
X 380157  Y 450393
X 390157  Y 450393
X 400157  Y 450393
X 410157  Y 450393
X 430708  Y 450393
X 440708  Y 450393
X 450708  Y 450393
X 460708  Y 450393
X 470708  Y 450393
X 480708  Y 450393
X 490708  Y 450393
X 500708  Y 450393
X 529133  Y 450393
X 539133  Y 450393
X 549133  Y 450393
X 559133  Y 450393
X 569133  Y 450393
X 579133  Y 450393
X 589133  Y 450393
X 599133  Y 450393
X 744094  Y 385590
X 599133  Y 480393
X 589133  Y 480393
X 579133  Y 480393
X 569133  Y 480393
X 559133  Y 480393
X 549133  Y 480393
X 539133  Y 480393
X 529133  Y 480393
X 500708  Y 480393
X 490708  Y 480393
X 480708  Y 480393
X 470708  Y 480393
X 460708  Y 480393
X 450708  Y 480393
X 440708  Y 480393
X 430708  Y 480393
X 410157  Y 480393
X 400157  Y 480393
X 390157  Y 480393
X 380157  Y 480393
X 370157  Y 480393
X 360157  Y 480393
X 350157  Y 480393
X 340157  Y 480393
X 319606  Y 480393
X 309606  Y 480393
X 299606  Y 480393
X 289606  Y 480393
X 279606  Y 480393
X 269606  Y 480393
X 259606  Y 480393
X 249606  Y 480393
X 229055  Y 480393
X 219055  Y 480393
X 209055  Y 480393
X 199055  Y 480393
X 189055  Y 480393
X 179055  Y 480393
X 169055  Y 480393
X 159055  Y 480393
X 159055  Y 517322
X 169055  Y 517322
X 179055  Y 517322
X 189055  Y 517322
X 199055  Y 517322
X 209055  Y 517322
X 219055  Y 517322
X 229055  Y 517322
X 249606  Y 517322
X 259606  Y 517322
X 269606  Y 517322
X 279606  Y 517322
X 289606  Y 517322
X 299606  Y 517322
X 309606  Y 517322
X 319606  Y 517322
X 340157  Y 517322
X 350157  Y 517322
X 360157  Y 517322
X 370157  Y 517322
X 380157  Y 517322
X 390157  Y 517322
X 400157  Y 517322
X 410157  Y 517322
X 430708  Y 517322
X 440708  Y 517322
X 450708  Y 517322
X 460708  Y 517322
X 470708  Y 517322
X 480708  Y 517322
X 490708  Y 517322
X 500708  Y 517322
X 651181  Y 517322
X 661181  Y 517322
X 671181  Y 517322
X 681181  Y 517322
X 691181  Y 517322
X 701181  Y 517322
X 711181  Y 517322
X 711181  Y 547322
X 701181  Y 547322
X 691181  Y 547322
X 681181  Y 547322
X 671181  Y 547322
X 661181  Y 547322
X 651181  Y 547322
X 500708  Y 547322
X 490708  Y 547322
X 480708  Y 547322
X 470708  Y 547322
X 460708  Y 547322
X 450708  Y 547322
X 440708  Y 547322
X 430708  Y 547322
X 410157  Y 547322
X 400157  Y 547322
X 390157  Y 547322
X 380157  Y 547322
X 370157  Y 547322
X 360157  Y 547322
X 350157  Y 547322
X 340157  Y 547322
X 319606  Y 547322
X 309606  Y 547322
X 299606  Y 547322
X 289606  Y 547322
X 279606  Y 547322
X 269606  Y 547322
X 259606  Y 547322
X 249606  Y 547322
X 229055  Y 547322
X 219055  Y 547322
X 209055  Y 547322
X 199055  Y 547322
X 189055  Y 547322
X 179055  Y 547322
X 169055  Y 547322
X 159055  Y 547322
X 158740  Y 621181
X 168740  Y 621181
X 178740  Y 621181
X 188740  Y 621181
X 198740  Y 621181
X 209921  Y 621181
X 219921  Y 621181
X 229921  Y 621181
X 239921  Y 621181
X 249921  Y 621181
X 276850  Y 621181
X 286850  Y 621181
X 296850  Y 621181
X 306850  Y 621181
X 316850  Y 621181
X 328031  Y 621181
X 338031  Y 621181
X 348031  Y 621181
X 358031  Y 621181
X 368031  Y 621181
X 725236  Y 651181
X 695236  Y 651181
X 368031  Y 681181
X 358031  Y 681181
X 348031  Y 681181
X 338031  Y 681181
X 328031  Y 681181
X 316850  Y 681181
X 306850  Y 681181
X 296850  Y 681181
X 286850  Y 681181
X 276850  Y 681181
X 249921  Y 681181
X 239921  Y 681181
X 229921  Y 681181
X 219921  Y 681181
X 209921  Y 681181
X 198740  Y 681181
X 188740  Y 681181
X 178740  Y 681181
X 168740  Y 681181
X 158740  Y 681181

Drill: .04  Tool: 8  Feed: 139  Speed: 550
X 445393  Y 328346
X 445393  Y 344094
X 455393  Y 328346
X 455393  Y 344094
X 455393  Y 359842
X 455393  Y 375590
X 455393  Y 391338
X 445393  Y 359842
X 445393  Y 391338
X 445393  Y 375590

Drill: .05118  Tool: 9  Feed: 107  Speed: 550
X 168740  Y 144055
X 168740  Y 174055
X 188740  Y 174055
X 188740  Y 144055

Drill: .1378  Tool: 10  Feed: 35  Speed: 794
X 119685  Y 119685
X 749606  Y 119685
X 749606  Y 749606
X 119685  Y 749606

End of Listing
